\BOOKMARK [1][-]{section.1}{Overview}{}% 1
\BOOKMARK [2][-]{subsection.1.1}{The .d File Structure}{section.1}% 2
\BOOKMARK [2][-]{subsection.1.2}{Command Block Structure}{section.1}% 3
\BOOKMARK [2][-]{subsection.1.3}{Command Syntax}{section.1}% 4
\BOOKMARK [2][-]{subsection.1.4}{Comments}{section.1}% 5
\BOOKMARK [2][-]{subsection.1.5}{Using preppy Variables}{section.1}% 6
\BOOKMARK [1][-]{section.2}{Version}{}% 7
\BOOKMARK [1][-]{section.3}{Mesh}{}% 8
\BOOKMARK [1][-]{section.4}{Physics}{}% 9
\BOOKMARK [2][-]{subsection.4.1}{Step}{section.4}% 10
\BOOKMARK [1][-]{section.5}{Material}{}% 11
\BOOKMARK [2][-]{subsection.5.1}{Types}{section.5}% 12
\BOOKMARK [3][-]{subsubsection.5.1.1}{Elastic}{subsection.5.1}% 13
\BOOKMARK [3][-]{subsubsection.5.1.2}{Hyperelastic}{subsection.5.1}% 14
\BOOKMARK [3][-]{subsubsection.5.1.3}{Elastoplastic}{subsection.5.1}% 15
\BOOKMARK [1][-]{section.6}{Solid}{}% 16
\BOOKMARK [1][-]{section.7}{Direction}{}% 17
\BOOKMARK [1][-]{section.8}{Function}{}% 18
\BOOKMARK [2][-]{subsection.8.1}{Expression}{section.8}% 19
\BOOKMARK [2][-]{subsection.8.2}{Table}{section.8}% 20
\BOOKMARK [1][-]{section.9}{Displacement}{}% 21
\BOOKMARK [1][-]{section.10}{Traction}{}% 22
\BOOKMARK [1][-]{section.11}{Follower}{}% 23
\BOOKMARK [1][-]{section.12}{Pressure}{}% 24
\BOOKMARK [1][-]{section.13}{Contact Interaction}{}% 25
\BOOKMARK [1][-]{section.14}{Examples}{}% 26
\BOOKMARK [2][-]{subsection.14.1}{Example 1: Tapered Square Pipe in Torsion}{section.14}% 27
\BOOKMARK [2][-]{subsection.14.2}{Example 2: Blast Pressure Loaded Plate}{section.14}% 28
\BOOKMARK [2][-]{subsection.14.3}{Example 3: Rigidly Rotating Block Contacting an Elastic Surface}{section.14}% 29
