This is pdfTeX, Version 3.1415926-2.5-1.40.14 (TeX Live 2013/Debian) (format=pdflatex 2017.8.23)  7 MAR 2018 18:14
entering extended mode
 restricted \write18 enabled.
 %&-line parsing enabled.
**thesis.tex
(./thesis.tex
LaTeX2e <2011/06/27>
Babel <3.9h> and hyphenation patterns for 4 languages loaded.
(/usr/share/texlive/texmf-dist/tex/latex/ucdavisthesis/ucdavisthesis.cls
Document Class: ucdavisthesis 2013/08/18 v1.2 UCDavis thesis class
(/usr/share/texlive/texmf-dist/tex/latex/base/ifthen.sty
Package: ifthen 2001/05/26 v1.1c Standard LaTeX ifthen package (DPC)
)
(/usr/share/texlive/texmf-dist/tex/latex/ucdavisthesis/ucdthesis12.clo
File: ucdthesis12.clo 2009/02/22 v1.0 ucdavisthesis class 12pt size option
)
\c@part=\count79
\c@chapter=\count80
\c@section=\count81
\c@subsection=\count82
\c@subsubsection=\count83
\c@paragraph=\count84
\c@subparagraph=\count85
\bibindent=\dimen102
\abovecaptionskip=\skip41
\belowcaptionskip=\skip42
\c@figure=\count86
\c@table=\count87
\UMIfoliosep=\skip43
\c@UMIpagetemp=\count88
)
(/usr/share/texlive/texmf-dist/tex/latex/datetime/datetime.sty
Package: datetime 2013/09/10 v2.59 Date Time Package

(/usr/share/texlive/texmf-dist/tex/latex/etoolbox/etoolbox.sty
Package: etoolbox 2011/01/03 v2.1 e-TeX tools for LaTeX

(/usr/share/texlive/texmf-dist/tex/latex/etex-pkg/etex.sty
Package: etex 1998/03/26 v2.0 eTeX basic definition package (PEB)
\et@xins=\count89
)
\etb@tempcnta=\count90
)
(/usr/share/texlive/texmf-dist/tex/latex/fmtcount/fmtcount.sty
Package: fmtcount 2013/08/17 v2.03

(/usr/share/texlive/texmf-dist/tex/latex/graphics/keyval.sty
Package: keyval 1999/03/16 v1.13 key=value parser (DPC)
\KV@toks@=\toks14
)
(/usr/share/texlive/texmf-dist/tex/latex/fmtcount/fcprefix.sty
Package: fcprefix 2012/09/28

(/usr/share/texlive/texmf-dist/tex/latex/fmtcount/fcnumparser.sty
Package: fcnumparser 2012/09/28
\fc@digit@counter=\count91
))
(/usr/share/texlive/texmf-dist/tex/latex/amsmath/amsgen.sty
File: amsgen.sty 1999/11/30 v2.0
\@emptytoks=\toks15
\ex@=\dimen103
)
\c@padzeroesN=\count92
\fc@tmpcatcode=\count93
\@DT@modctr=\count94
\@ordinalctr=\count95
\@orgargctr=\count96
\@strctr=\count97
\@tmpstrctr=\count98
\@DT@loopN=\count99
\@DT@X=\count100

(/usr/share/texlive/texmf-dist/tex/latex/fmtcount/fc-english.def
File: fc-english.def 2013/08/17
))
(/usr/share/texlive/texmf-dist/tex/latex/datetime/datetime-defaults.sty
Package: datetime-defaults 2013/09/10
)
\@day=\count101
\@month=\count102
\@year=\count103
\c@HOUR=\count104
\c@HOURXII=\count105
\c@MINUTE=\count106
\c@TOHOUR=\count107
\c@TOMINUTE=\count108
\c@SECOND=\count109
\currenthour=\count110
\currentminute=\count111
\currentsecond=\count112
Package datetime Info: No datetime.cfg file found, using default settings on in
put line 308.
\@dtctr=\count113
\dayofyear=\count114
\dayofweek=\count115
LaTeX Info: Redefining \today on input line 736.
\dt@a=\toks16
\dt@b=\toks17
)
(/usr/share/texlive/texmf-dist/tex/latex/graphics/graphicx.sty
Package: graphicx 1999/02/16 v1.0f Enhanced LaTeX Graphics (DPC,SPQR)

(/usr/share/texlive/texmf-dist/tex/latex/graphics/graphics.sty
Package: graphics 2009/02/05 v1.0o Standard LaTeX Graphics (DPC,SPQR)

(/usr/share/texlive/texmf-dist/tex/latex/graphics/trig.sty
Package: trig 1999/03/16 v1.09 sin cos tan (DPC)
)
(/usr/share/texlive/texmf-dist/tex/latex/latexconfig/graphics.cfg
File: graphics.cfg 2010/04/23 v1.9 graphics configuration of TeX Live
)
Package graphics Info: Driver file: pdftex.def on input line 91.

(/usr/share/texlive/texmf-dist/tex/latex/pdftex-def/pdftex.def
File: pdftex.def 2011/05/27 v0.06d Graphics/color for pdfTeX

(/usr/share/texlive/texmf-dist/tex/generic/oberdiek/infwarerr.sty
Package: infwarerr 2010/04/08 v1.3 Providing info/warning/error messages (HO)
)
(/usr/share/texlive/texmf-dist/tex/generic/oberdiek/ltxcmds.sty
Package: ltxcmds 2011/11/09 v1.22 LaTeX kernel commands for general use (HO)
)
\Gread@gobject=\count116
))
\Gin@req@height=\dimen104
\Gin@req@width=\dimen105
)
(/usr/share/texlive/texmf-dist/tex/latex/amsmath/amsmath.sty
Package: amsmath 2013/01/14 v2.14 AMS math features
\@mathmargin=\skip44

For additional information on amsmath, use the `?' option.
(/usr/share/texlive/texmf-dist/tex/latex/amsmath/amstext.sty
Package: amstext 2000/06/29 v2.01
)
(/usr/share/texlive/texmf-dist/tex/latex/amsmath/amsbsy.sty
Package: amsbsy 1999/11/29 v1.2d
\pmbraise@=\dimen106
)
(/usr/share/texlive/texmf-dist/tex/latex/amsmath/amsopn.sty
Package: amsopn 1999/12/14 v2.01 operator names
)
\inf@bad=\count117
LaTeX Info: Redefining \frac on input line 210.
\uproot@=\count118
\leftroot@=\count119
LaTeX Info: Redefining \overline on input line 306.
\classnum@=\count120
\DOTSCASE@=\count121
LaTeX Info: Redefining \ldots on input line 378.
LaTeX Info: Redefining \dots on input line 381.
LaTeX Info: Redefining \cdots on input line 466.
\Mathstrutbox@=\box26
\strutbox@=\box27
\big@size=\dimen107
LaTeX Font Info:    Redeclaring font encoding OML on input line 566.
LaTeX Font Info:    Redeclaring font encoding OMS on input line 567.
\macc@depth=\count122
\c@MaxMatrixCols=\count123
\dotsspace@=\muskip10
\c@parentequation=\count124
\dspbrk@lvl=\count125
\tag@help=\toks18
\row@=\count126
\column@=\count127
\maxfields@=\count128
\andhelp@=\toks19
\eqnshift@=\dimen108
\alignsep@=\dimen109
\tagshift@=\dimen110
\tagwidth@=\dimen111
\totwidth@=\dimen112
\lineht@=\dimen113
\@envbody=\toks20
\multlinegap=\skip45
\multlinetaggap=\skip46
\mathdisplay@stack=\toks21
LaTeX Info: Redefining \[ on input line 2665.
LaTeX Info: Redefining \] on input line 2666.
)
(/usr/share/texlive/texmf-dist/tex/latex/amsfonts/amssymb.sty
Package: amssymb 2013/01/14 v3.01 AMS font symbols

(/usr/share/texlive/texmf-dist/tex/latex/amsfonts/amsfonts.sty
Package: amsfonts 2013/01/14 v3.01 Basic AMSFonts support
\symAMSa=\mathgroup4
\symAMSb=\mathgroup5
LaTeX Font Info:    Overwriting math alphabet `\mathfrak' in version `bold'
(Font)                  U/euf/m/n --> U/euf/b/n on input line 106.
))
(/usr/share/texlive/texmf-dist/tex/latex/bezos/accents.sty
Package: accents 2006/05/12 v1.3 Math Accent Tools
\cc@skew=\dimen114
\cc@wd=\dimen115
\cc@code=\count129
\cc@group=\count130
\cc@skewchar=\count131
)
(/usr/share/texlive/texmf-dist/tex/latex/algorithm2e/algorithm2e.sty
Package: algorithm2e 2013/01/06 v5.00 algorithms environments
\c@AlgoLine=\count132

(/usr/share/texlive/texmf-dist/tex/latex/tools/xspace.sty
Package: xspace 2009/10/20 v1.13 Space after command names (DPC,MH)
)
(/usr/share/texlive/texmf-dist/tex/latex/relsize/relsize.sty
Package: relsize 2013/03/29 ver 4.1
)
********************************************************
Package `algorithm2e' Release 5.0 -- january 06 2013 --
- algorithm2e-announce@lirmm.fr mailing list for announcement about releases
- algorithm2e-discussion@lirmm.fr mailing list for discussion about package
subscribe by emailing sympa@lirmm.fr with 'subscribe <list> <firstname name>'
- Author: Christophe Fiorio (cfiorio@um2.fr)
********************************************************
\skiptotal=\skip47
\skiplinenumber=\skip48
\skiprule=\skip49
\skiphlne=\skip50
\skiptext=\skip51
\skiplength=\skip52
\algomargin=\skip53
\skipalgocfslide=\skip54
\algowidth=\dimen116
\inoutsize=\dimen117
\inoutindent=\dimen118
\interspacetitleruled=\dimen119
\interspacealgoruled=\dimen120
\interspacetitleboxruled=\dimen121
\algocf@inoutbox=\box28
\algocf@inputbox=\box29
\AlCapSkip=\skip55
\AlCapHSkip=\skip56
\algoskipindent=\skip57
\algocf@nlbox=\box30
\algocf@hangingbox=\box31
\algocf@untilbox=\box32
\algocf@skipuntil=\skip58
\algocf@capbox=\box33
\algoheightruledefault=\skip59
\algoheightrule=\skip60
\algotitleheightruledefault=\skip61
\algotitleheightrule=\skip62
\c@algocfline=\count133
\c@algocfproc=\count134
\c@algocf=\count135
\algocf@algoframe=\box34
\algocf@algobox=\box35
) (/usr/share/texlive/texmf-dist/tex/latex/caption/caption.sty
Package: caption 2013/05/02 v3.3-89 Customizing captions (AR)

(/usr/share/texlive/texmf-dist/tex/latex/caption/caption3.sty
Package: caption3 2013/05/02 v1.6-88 caption3 kernel (AR)
Package caption3 Info: TeX engine: e-TeX on input line 57.
\captionmargin=\dimen122
\captionmargin@=\dimen123
\captionwidth=\dimen124
\caption@tempdima=\dimen125
\caption@indent=\dimen126
\caption@parindent=\dimen127
\caption@hangindent=\dimen128
Package caption Info: Unknown document class (or package),
(caption)             standard defaults will be used.
)

Package caption Warning: Unsupported document class (or package) detected,
(caption)                usage of the caption package is not recommended.
See the caption package documentation for explanation.

Package caption Info: \@makecaption = \long macro:#1#2->\renewcommand {\baselin
estretch }{1.0} \small \vskip \abovecaptionskip \sbox \@tempboxa {#1. #2}\ifdim
 \wd \@tempboxa >0.9\hsize \hskip .05\hsize \parbox {0.9\hsize }{#1. #2}\else \
global \@minipagefalse \hb@xt@ \hsize {\hfil \box \@tempboxa \hfil }\fi \normal
size \vskip \belowcaptionskip .
\c@ContinuedFloat=\count136
) (/usr/share/texlive/texmf-dist/tex/latex/caption/subcaption.sty
Package: subcaption 2013/02/03 v1.1-62 Sub-captions (AR)
\c@subfigure=\count137
\c@subtable=\count138
)
(/usr/share/texlive/texmf-dist/tex/latex/hyperref/hyperref.sty
Package: hyperref 2012/11/06 v6.83m Hypertext links for LaTeX

(/usr/share/texlive/texmf-dist/tex/generic/oberdiek/hobsub-hyperref.sty
Package: hobsub-hyperref 2012/05/28 v1.13 Bundle oberdiek, subset hyperref (HO)


(/usr/share/texlive/texmf-dist/tex/generic/oberdiek/hobsub-generic.sty
Package: hobsub-generic 2012/05/28 v1.13 Bundle oberdiek, subset generic (HO)
Package: hobsub 2012/05/28 v1.13 Construct package bundles (HO)
Package hobsub Info: Skipping package `infwarerr' (already loaded).
Package hobsub Info: Skipping package `ltxcmds' (already loaded).
Package: ifluatex 2010/03/01 v1.3 Provides the ifluatex switch (HO)
Package ifluatex Info: LuaTeX not detected.
Package: ifvtex 2010/03/01 v1.5 Detect VTeX and its facilities (HO)
Package ifvtex Info: VTeX not detected.
Package: intcalc 2007/09/27 v1.1 Expandable calculations with integers (HO)
Package: ifpdf 2011/01/30 v2.3 Provides the ifpdf switch (HO)
Package ifpdf Info: pdfTeX in PDF mode is detected.
Package: etexcmds 2011/02/16 v1.5 Avoid name clashes with e-TeX commands (HO)
Package etexcmds Info: Could not find \expanded.
(etexcmds)             That can mean that you are not using pdfTeX 1.50 or
(etexcmds)             that some package has redefined \expanded.
(etexcmds)             In the latter case, load this package earlier.
Package: kvsetkeys 2012/04/25 v1.16 Key value parser (HO)
Package: kvdefinekeys 2011/04/07 v1.3 Define keys (HO)
Package: pdftexcmds 2011/11/29 v0.20 Utility functions of pdfTeX for LuaTeX (HO
)
Package pdftexcmds Info: LuaTeX not detected.
Package pdftexcmds Info: \pdf@primitive is available.
Package pdftexcmds Info: \pdf@ifprimitive is available.
Package pdftexcmds Info: \pdfdraftmode found.
Package: pdfescape 2011/11/25 v1.13 Implements pdfTeX's escape features (HO)
Package: bigintcalc 2012/04/08 v1.3 Expandable calculations on big integers (HO
)
Package: bitset 2011/01/30 v1.1 Handle bit-vector datatype (HO)
Package: uniquecounter 2011/01/30 v1.2 Provide unlimited unique counter (HO)
)
Package hobsub Info: Skipping package `hobsub' (already loaded).
Package: letltxmacro 2010/09/02 v1.4 Let assignment for LaTeX macros (HO)
Package: hopatch 2012/05/28 v1.2 Wrapper for package hooks (HO)
Package: xcolor-patch 2011/01/30 xcolor patch
Package: atveryend 2011/06/30 v1.8 Hooks at the very end of document (HO)
Package: atbegshi 2011/10/05 v1.16 At begin shipout hook (HO)
Package: refcount 2011/10/16 v3.4 Data extraction from label references (HO)
Package: hycolor 2011/01/30 v1.7 Color options for hyperref/bookmark (HO)
)
(/usr/share/texlive/texmf-dist/tex/generic/ifxetex/ifxetex.sty
Package: ifxetex 2010/09/12 v0.6 Provides ifxetex conditional
)
(/usr/share/texlive/texmf-dist/tex/latex/oberdiek/auxhook.sty
Package: auxhook 2011/03/04 v1.3 Hooks for auxiliary files (HO)
)
(/usr/share/texlive/texmf-dist/tex/latex/oberdiek/kvoptions.sty
Package: kvoptions 2011/06/30 v3.11 Key value format for package options (HO)
)
\@linkdim=\dimen129
\Hy@linkcounter=\count139
\Hy@pagecounter=\count140

(/usr/share/texlive/texmf-dist/tex/latex/hyperref/pd1enc.def
File: pd1enc.def 2012/11/06 v6.83m Hyperref: PDFDocEncoding definition (HO)
)
\Hy@SavedSpaceFactor=\count141

(/usr/share/texlive/texmf-dist/tex/latex/latexconfig/hyperref.cfg
File: hyperref.cfg 2002/06/06 v1.2 hyperref configuration of TeXLive
)
Package hyperref Info: Hyper figures OFF on input line 4443.
Package hyperref Info: Link nesting OFF on input line 4448.
Package hyperref Info: Hyper index ON on input line 4451.
Package hyperref Info: Plain pages OFF on input line 4458.
Package hyperref Info: Backreferencing OFF on input line 4463.
Package hyperref Info: Implicit mode ON; LaTeX internals redefined.
Package hyperref Info: Bookmarks ON on input line 4688.
\c@Hy@tempcnt=\count142

(/usr/share/texlive/texmf-dist/tex/latex/url/url.sty
\Urlmuskip=\muskip11
Package: url 2013/09/16  ver 3.4  Verb mode for urls, etc.
)
LaTeX Info: Redefining \url on input line 5041.
\XeTeXLinkMargin=\dimen130
\Fld@menulength=\count143
\Field@Width=\dimen131
\Fld@charsize=\dimen132
Package hyperref Info: Hyper figures OFF on input line 6295.
Package hyperref Info: Link nesting OFF on input line 6300.
Package hyperref Info: Hyper index ON on input line 6303.
Package hyperref Info: backreferencing OFF on input line 6310.
Package hyperref Info: Link coloring OFF on input line 6315.
Package hyperref Info: Link coloring with OCG OFF on input line 6320.
Package hyperref Info: PDF/A mode OFF on input line 6325.
LaTeX Info: Redefining \ref on input line 6365.
LaTeX Info: Redefining \pageref on input line 6369.
\Hy@abspage=\count144
\c@Item=\count145
\c@Hfootnote=\count146
)

Package hyperref Message: Driver (autodetected): hpdftex.

(/usr/share/texlive/texmf-dist/tex/latex/hyperref/hpdftex.def
File: hpdftex.def 2012/11/06 v6.83m Hyperref driver for pdfTeX
\Fld@listcount=\count147
\c@bookmark@seq@number=\count148

(/usr/share/texlive/texmf-dist/tex/latex/oberdiek/rerunfilecheck.sty
Package: rerunfilecheck 2011/04/15 v1.7 Rerun checks for auxiliary files (HO)
Package uniquecounter Info: New unique counter `rerunfilecheck' on input line 2
82.
)
\Hy@SectionHShift=\skip63
)
Package hyperref Info: Option `colorlinks' set `true' on input line 30.


Package hyperref Warning: Option `bookmarks' has already been used,
(hyperref)                setting the option has no effect on input line 30.

(./thesis.aux (./introduction.aux) (./solid_mechanics.aux)
(./pem_formulation.aux) (./implementation.aux) (./results.aux)
(./future_work.aux) (./appendix.aux))
\openout1 = `thesis.aux'.

LaTeX Font Info:    Checking defaults for OML/cmm/m/it on input line 119.
LaTeX Font Info:    ... okay on input line 119.
LaTeX Font Info:    Checking defaults for T1/cmr/m/n on input line 119.
LaTeX Font Info:    ... okay on input line 119.
LaTeX Font Info:    Checking defaults for OT1/cmr/m/n on input line 119.
LaTeX Font Info:    ... okay on input line 119.
LaTeX Font Info:    Checking defaults for OMS/cmsy/m/n on input line 119.
LaTeX Font Info:    ... okay on input line 119.
LaTeX Font Info:    Checking defaults for OMX/cmex/m/n on input line 119.
LaTeX Font Info:    ... okay on input line 119.
LaTeX Font Info:    Checking defaults for U/cmr/m/n on input line 119.
LaTeX Font Info:    ... okay on input line 119.
LaTeX Font Info:    Checking defaults for PD1/pdf/m/n on input line 119.
LaTeX Font Info:    ... okay on input line 119.

(/usr/share/texlive/texmf-dist/tex/context/base/supp-pdf.mkii
[Loading MPS to PDF converter (version 2006.09.02).]
\scratchcounter=\count149
\scratchdimen=\dimen133
\scratchbox=\box36
\nofMPsegments=\count150
\nofMParguments=\count151
\everyMPshowfont=\toks22
\MPscratchCnt=\count152
\MPscratchDim=\dimen134
\MPnumerator=\count153
\makeMPintoPDFobject=\count154
\everyMPtoPDFconversion=\toks23
) (/usr/share/texlive/texmf-dist/tex/latex/oberdiek/epstopdf-base.sty
Package: epstopdf-base 2010/02/09 v2.5 Base part for package epstopdf

(/usr/share/texlive/texmf-dist/tex/latex/oberdiek/grfext.sty
Package: grfext 2010/08/19 v1.1 Manage graphics extensions (HO)
)
Package grfext Info: Graphics extension search list:
(grfext)             [.png,.pdf,.jpg,.mps,.jpeg,.jbig2,.jb2,.PNG,.PDF,.JPG,.JPE
G,.JBIG2,.JB2,.eps]
(grfext)             \AppendGraphicsExtensions on input line 452.

(/usr/share/texlive/texmf-dist/tex/latex/latexconfig/epstopdf-sys.cfg
File: epstopdf-sys.cfg 2010/07/13 v1.3 Configuration of (r)epstopdf for TeX Liv
e
))
Package caption Info: Begin \AtBeginDocument code.
Package caption Info: hyperref package is loaded.
Package caption Info: End \AtBeginDocument code.
\AtBeginShipoutBox=\box37

(/usr/share/texlive/texmf-dist/tex/latex/graphics/color.sty
Package: color 2005/11/14 v1.0j Standard LaTeX Color (DPC)

(/usr/share/texlive/texmf-dist/tex/latex/latexconfig/color.cfg
File: color.cfg 2007/01/18 v1.5 color configuration of teTeX/TeXLive
)
Package color Info: Driver file: pdftex.def on input line 130.
)
Package hyperref Info: Link coloring ON on input line 119.

(/usr/share/texlive/texmf-dist/tex/latex/hyperref/nameref.sty
Package: nameref 2012/10/27 v2.43 Cross-referencing by name of section

(/usr/share/texlive/texmf-dist/tex/generic/oberdiek/gettitlestring.sty
Package: gettitlestring 2010/12/03 v1.4 Cleanup title references (HO)
)
\c@section@level=\count155
)
LaTeX Info: Redefining \ref on input line 119.
LaTeX Info: Redefining \pageref on input line 119.
LaTeX Info: Redefining \nameref on input line 119.

(./thesis.out) (./thesis.out)
\@outlinefile=\write3
\openout3 = `thesis.out'.

 [1


{/var/lib/texmf/fonts/map/pdftex/updmap/pdftex.map}]
LaTeX Font Info:    Try loading font information for OMS+cmr on input line 127.

 (/usr/share/texlive/texmf-dist/tex/latex/base/omscmr.fd
File: omscmr.fd 1999/05/25 v2.5h Standard LaTeX font definitions
)
LaTeX Font Info:    Font shape `OMS/cmr/m/n' in size <12> not available
(Font)              Font shape `OMS/cmsy/m/n' tried instead on input line 127.
pdfTeX warning (ext4): destination with the same identifier (name{page.i}) has 
been already used, duplicate ignored
<to be read again> 
                   \relax 
l.127 \makeintropages
                      %Processes/produces the preliminary pages [1

] [2

]
(./thesis.toc
LaTeX Font Info:    Try loading font information for U+msa on input line 1.
 (/usr/share/texlive/texmf-dist/tex/latex/amsfonts/umsa.fd
File: umsa.fd 2013/01/14 v3.01 AMS symbols A
)
LaTeX Font Info:    Try loading font information for U+msb on input line 1.

(/usr/share/texlive/texmf-dist/tex/latex/amsfonts/umsb.fd
File: umsb.fd 2013/01/14 v3.01 AMS symbols B
) [3

])
\tf@toc=\write4
\openout4 = `thesis.toc'.

 [4]

LaTeX Font Warning: Font shape `OT1/cmr/bx/sc' undefined
(Font)              using `OT1/cmr/bx/n' instead on input line 127.

[5

] [6]
\openout2 = `introduction.aux'.

 (./introduction.tex
Chapter 1.

LaTeX Font Warning: Font shape `OT1/cmr/bx/n' in size <29.86> not available
(Font)              size <24.88> substituted on input line 1.

[1


] [2] [3] [4] [5] [6] [7] [8] [9] [10] [11] [12] [13] [14]) [15] [16]
\openout2 = `solid_mechanics.aux'.


(./solid_mechanics.tex
Chapter 2.

LaTeX Warning: Reference `ch:pem_formulation' on page 17 undefined on input lin
e 5.

[17



] <figures/kinematics.pdf, id=460, 417.27335pt x 276.14058pt>
File: figures/kinematics.pdf Graphic file (type pdf)

<use figures/kinematics.pdf>
Package pdftex.def Info: figures/kinematics.pdf used on input line 18.
(pdftex.def)             Requested size: 289.07999pt x 191.31248pt.
 [18 <./figures/kinematics.pdf>] [19] [20] [21]
[22] [23] [24] [25] [26] [27] [28] [29]

Package hyperref Warning: Token not allowed in a PDF string (PDFDocEncoding):
(hyperref)                removing `\\' on input line 352.

[30] [31] [32] [33])
Overfull \hbox (2.49821pt too wide) in paragraph at lines 462--131
[]\OT1/cmr/m/n/12 Isoparametric fi-nite el-e-ments em-ploy-ing prod-uct Gauss q
uadra-ture rules sat-isfy quadra-
 []

[34]
\openout2 = `pem_formulation.aux'.

 (./pem_formulation.tex
Chapter 3.
[35



] <figures/polyhedron_decomposition.pdf, id=651, 2128.65257pt x 614.1085pt>
File: figures/polyhedron_decomposition.pdf Graphic file (type pdf)

<use figures/polyhedron_decomposition.pdf>
Package pdftex.def Info: figures/polyhedron_decomposition.pdf used on input lin
e 51.
(pdftex.def)             Requested size: 433.62pt x 125.09656pt.
 [36] [37 <./figures/polyhedron_decomposition.pdf>] <figures/harmonic_sfs.pdf, 
id=712, 2340.85626pt x 607.79366pt>
File: figures/harmonic_sfs.pdf Graphic file (type pdf)

<use figures/harmonic_sfs.pdf>
Package pdftex.def Info: figures/harmonic_sfs.pdf used on input line 115.
(pdftex.def)             Requested size: 433.62pt x 112.57918pt.
 [38 <./figures/harmonic_sfs.pdf>] [39] [40]
[41]

Package hyperref Warning: Token not allowed in a PDF string (PDFDocEncoding):
(hyperref)                removing `\\' on input line 193.

[42] [43] [44]

Package hyperref Warning: Token not allowed in a PDF string (PDFDocEncoding):
(hyperref)                removing `\\' on input line 265.

<figures/polyhedron_partition.pdf, id=877, 2157.86964pt x 605.79118pt>
File: figures/polyhedron_partition.pdf Graphic file (type pdf)

<use figures/polyhedron_partition.pdf>
Package pdftex.def Info: figures/polyhedron_partition.pdf used on input line 27
5.
(pdftex.def)             Requested size: 433.62pt x 121.72919pt.
 [45]
<figures/partition_types.pdf, id=885, 497.50081pt x 595.763pt>
File: figures/partition_types.pdf Graphic file (type pdf)

<use figures/partition_types.pdf>
Package pdftex.def Info: figures/partition_types.pdf used on input line 289.
(pdftex.def)             Requested size: 289.07999pt x 346.19731pt.
 [46 <./figures/polyhedron_partition.pdf>]
[47 <./figures/partition_types.pdf>]
<figures/harmonic_fem_sfs.pdf, id=1201, 2438.58244pt x 650.83704pt>
File: figures/harmonic_fem_sfs.pdf Graphic file (type pdf)

<use figures/harmonic_fem_sfs.pdf>
Package pdftex.def Info: figures/harmonic_fem_sfs.pdf used on input line 333.
(pdftex.def)             Requested size: 433.62pt x 115.72548pt.
 [48 <./figures/harmonic_fem_sfs.pdf>]
[49] [50] [51] [52] [53] [54] [55] [56]
Overfull \hbox (0.1667pt too wide) in paragraph at lines 729--730
\OT1/cmr/m/n/12 Consider an el-e-ment $
 \OMS/cmsy/m/n/12 ^^Z \U/msb/m/n/12 R[]$ \OT1/cmr/m/n/12 upon which is spec-i-f
ied a do-main quadra-ture rule $[][]$
 []


Overfull \hbox (2.11343pt too wide) in paragraph at lines 732--734
\OT1/cmr/m/n/12 Additionally, sup-pose that each face $\OML/cmm/m/it/12 F \OMS/
cmsy/m/n/12 ^^Z \OML/cmm/m/it/12 @\OT1/cmr/m/n/12 
$ pos-sesses a quadra-ture rule $[][]$
 []

[57]) [58]
\openout2 = `implementation.aux'.

 (./implementation.tex
Chapter 4.

Package hyperref Warning: Token not allowed in a PDF string (PDFDocEncoding):
(hyperref)                removing `\\' on input line 1.

<figures/canonical_orderings.pdf, id=1347, 514.3407pt x 223.6409pt>
File: figures/canonical_orderings.pdf Graphic file (type pdf)

<use figures/canonical_orderings.pdf>
Package pdftex.def Info: figures/canonical_orderings.pdf used on input line 12.

(pdftex.def)             Requested size: 289.07999pt x 125.69872pt.
 [59



] [60 <./figures/canonical_orderings.pdf>] <figures/polyhedron_data.pdf, id=136
2, 1560.96959pt x 707.7658pt>
File: figures/polyhedron_data.pdf Graphic file (type pdf)

<use figures/polyhedron_data.pdf>
Package pdftex.def Info: figures/polyhedron_data.pdf used on input line 38.
(pdftex.def)             Requested size: 433.62pt x 196.60712pt.
 [61 <./figures/polyhedron_data.pdf>]
<figures/polyhedron_data_quadratic.pdf, id=1413, 1594.75204pt x 713.83392pt>
File: figures/polyhedron_data_quadratic.pdf Graphic file (type pdf)

<use figures/polyhedron_data_quadratic.pdf>
Package pdftex.def Info: figures/polyhedron_data_quadratic.pdf used on input li
ne 52.
(pdftex.def)             Requested size: 433.62pt x 194.08836pt.
 [62 <./figures/polyhedron_data_quadratic.pdf>] [63] [64]
<figures/partitioning_algorithm.pdf, id=1594, 3073.91527pt x 629.78133pt>
File: figures/partitioning_algorithm.pdf Graphic file (type pdf)

<use figures/partitioning_algorithm.pdf>
Package pdftex.def Info: figures/partitioning_algorithm.pdf used on input line 
116.
(pdftex.def)             Requested size: 433.62pt x 88.83185pt.
 [65]
<figures/partitioning_algorithm_quadratic.pdf, id=1604, 3073.91527pt x 629.7813
3pt>
File: figures/partitioning_algorithm_quadratic.pdf Graphic file (type pdf)
 <use figures/partitioning_algorithm_quadratic.pdf>
Package pdftex.def Info: figures/partitioning_algorithm_quadratic.pdf used on i
nput line 124.
(pdftex.def)             Requested size: 433.62pt x 88.83185pt.
 [66 <./figures/partitioning_algorithm.pdf> <./figures/partitioning_algorithm_q
uadratic.pdf

pdfTeX warning: pdflatex (file ./figures/partitioning_algorithm_quadratic.pdf):
 PDF inclusion: multiple pdfs with page group included in a single page
>] <figures/entity_tree.pdf, id=1798, 3843.75941pt x 1075.54826pt>
File: figures/entity_tree.pdf Graphic file (type pdf)

<use figures/entity_tree.pdf>
Package pdftex.def Info: figures/entity_tree.pdf used on input line 142.
(pdftex.def)             Requested size: 361.34999pt x 101.11139pt.
 [67 <./figures/entity_tree.pdf>]
<figures/sub_element.pdf, id=1826, 1965.45058pt x 607.08919pt>
File: figures/sub_element.pdf Graphic file (type pdf)

<use figures/sub_element.pdf>
Package pdftex.def Info: figures/sub_element.pdf used on input line 166.
(pdftex.def)             Requested size: 433.62pt x 133.93057pt.

Overfull \hbox (4.12396pt too wide) in paragraph at lines 163--170
\OT1/cmr/m/n/12 clas-si-fied as a $2\OMS/cmsy/m/n/12 ^^@$\OT1/cmr/m/n/12 dimens
ional sub-element, whose par-ti-tion $\OMS/cmsy/m/n/12 T[]\OT1/cmr/m/n/12 (\OML
/cmm/m/it/12 F\OT1/cmr/m/n/12 )$ con-sists of $2\OMS/cmsy/m/n/12 ^^@$\OT1/cmr/m
/n/12 dimensional
 []

[68] [69 <./figures/sub_element.pdf>] [70]

Package hyperref Warning: Token not allowed in a PDF string (PDFDocEncoding):
(hyperref)                removing `\\' on input line 206.

[71] [72] [73] [74]

Package hyperref Warning: Token not allowed in a PDF string (PDFDocEncoding):
(hyperref)                removing `\\' on input line 309.

[75]
Overfull \hbox (2.78821pt too wide) in paragraph at lines 360--362
\OT1/cmr/m/n/12 If the penalty pa-ram-e-ter $\OML/cmm/m/it/12 []$ \OT1/cmr/m/n
/12 is suf-fi-ciently small, we ob-tain the es-ti-mate $\OML/cmm/m/it/12 ^^T\OT
1/cmr/m/n/12 (\OT1/cmr/bx/n/12 J\OT1/cmr/m/n/12 ) \OMS/cmsy/m/n/12 ^^Y \OML/cmm
/m/it/12 O\OT1/cmr/m/n/12 (\OML/cmm/m/it/12 R[]\OT1/cmr/m/n/12 )$,
 []

[76]) [77]
\openout2 = `results.aux'.

 (./results.tex
Chapter 5.
[78



] [79] [80]
<figures/reproducing_element_shape.pdf, id=2011, 487.5715pt x 190.91255pt>
File: figures/reproducing_element_shape.pdf Graphic file (type pdf)

<use figures/reproducing_element_shape.pdf>
Package pdftex.def Info: figures/reproducing_element_shape.pdf used on input li
ne 107.
(pdftex.def)             Requested size: 252.94499pt x 99.04204pt.


LaTeX Warning: `!h' float specifier changed to `!ht'.

[81] [82 <./figures/reproducing_element_shape.pdf>] [83] [84]
<figures/linear_patch_test.pdf, id=2062, 411.68028pt x 398.12056pt>
File: figures/linear_patch_test.pdf Graphic file (type pdf)

<use figures/linear_patch_test.pdf>
Package pdftex.def Info: figures/linear_patch_test.pdf used on input line 213.
(pdftex.def)             Requested size: 180.67499pt x 174.72404pt.

<figures/patch_test_meshes.pdf, id=2065, 564.0754pt x 237.72742pt>
File: figures/patch_test_meshes.pdf Graphic file (type pdf)

<use figures/patch_test_meshes.pdf>
Package pdftex.def Info: figures/patch_test_meshes.pdf used on input line 233.
(pdftex.def)             Requested size: 289.07999pt x 121.83064pt.


LaTeX Warning: `!h' float specifier changed to `!ht'.

[85 <./figures/linear_patch_test.pdf>] [86 <./figures/patch_test_meshes.pdf>]
[87] <figures/hexahedral_patch_meshes.pdf, id=2102, 569.79243pt x 253.81409pt>
File: figures/hexahedral_patch_meshes.pdf Graphic file (type pdf)

<use figures/hexahedral_patch_meshes.pdf>
Package pdftex.def Info: figures/hexahedral_patch_meshes.pdf used on input line
 325.
(pdftex.def)             Requested size: 289.07999pt x 128.76958pt.


LaTeX Warning: `!h' float specifier changed to `!ht'.

<figures/polyhedral_patch_mesh.pdf, id=2103, 487.11566pt x 241.08633pt>
File: figures/polyhedral_patch_mesh.pdf Graphic file (type pdf)

<use figures/polyhedral_patch_mesh.pdf>
Package pdftex.def Info: figures/polyhedral_patch_mesh.pdf used on input line 3
32.
(pdftex.def)             Requested size: 289.07999pt x 143.07843pt.


LaTeX Warning: `!h' float specifier changed to `!ht'.

[88] <figures/quadratic_patch_test.pdf, id=2115, 411.68028pt x 398.12056pt>
File: figures/quadratic_patch_test.pdf Graphic file (type pdf)

<use figures/quadratic_patch_test.pdf>
Package pdftex.def Info: figures/quadratic_patch_test.pdf used on input line 36
4.
(pdftex.def)             Requested size: 180.67499pt x 174.72404pt.
 [89 <./figures/hexahedral_patch_meshes.pdf> <./figures/polyhedral_patch_mesh.p
df

pdfTeX warning: pdflatex (file ./figures/polyhedral_patch_mesh.pdf): PDF inclus
ion: multiple pdfs with page group included in a single page
>] [90 <./figures/quadratic_patch_test.pdf>]
<figures/quadrilateral_patch_meshes.pdf, id=2142, 560.62587pt x 233.13773pt>
File: figures/quadrilateral_patch_meshes.pdf Graphic file (type pdf)

<use figures/quadrilateral_patch_meshes.pdf>
Package pdftex.def Info: figures/quadrilateral_patch_meshes.pdf used on input l
ine 404.
(pdftex.def)             Requested size: 289.07999pt x 120.21844pt.

<figures/quadratic_polygonal_patch_mesh.pdf, id=2143, 487.11566pt x 241.08633pt
>
File: figures/quadratic_polygonal_patch_mesh.pdf Graphic file (type pdf)
 <use figures/quadratic_polygonal_patch_mesh.pdf>
Package pdftex.def Info: figures/quadratic_polygonal_patch_mesh.pdf used on inp
ut line 411.
(pdftex.def)             Requested size: 289.07999pt x 143.07843pt.

Overfull \hbox (8.19652pt too wide) in paragraph at lines 420--432
 [] 
 []

[91 <./figures/quadrilateral_patch_meshes.pdf> <./figures/quadratic_polygonal_p
atch_mesh.pdf

pdfTeX warning: pdflatex (file ./figures/quadratic_polygonal_patch_mesh.pdf): P
DF inclusion: multiple pdfs with page group included in a single page
>]
<figures/quadratic_polyhedral_patch_mesh.pdf, id=2165, 460.58525pt x 202.998pt>
File: figures/quadratic_polyhedral_patch_mesh.pdf Graphic file (type pdf)
<use figures/quadratic_polyhedral_patch_mesh.pdf>
Package pdftex.def Info: figures/quadratic_polyhedral_patch_mesh.pdf used on in
put line 449.
(pdftex.def)             Requested size: 289.07999pt x 127.4124pt.


LaTeX Warning: `!h' float specifier changed to `!ht'.

[92] [93 <./figures/quadratic_polyhedral_patch_mesh.pdf>] [94]
<figures/concave_element_shapes.pdf, id=2190, 442.67032pt x 165.13112pt>
File: figures/concave_element_shapes.pdf Graphic file (type pdf)

<use figures/concave_element_shapes.pdf>
Package pdftex.def Info: figures/concave_element_shapes.pdf used on input line 
516.
(pdftex.def)             Requested size: 252.94499pt x 94.35751pt.

<figures/concave_element_partitions.pdf, id=2194, 442.67032pt x 165.13112pt>
File: figures/concave_element_partitions.pdf Graphic file (type pdf)

<use figures/concave_element_partitions.pdf>
Package pdftex.def Info: figures/concave_element_partitions.pdf used on input l
ine 524.
(pdftex.def)             Requested size: 252.94499pt x 94.35751pt.


LaTeX Warning: `!h' float specifier changed to `!ht'.

<figures/concave_element_comparison.pdf, id=2197, 608.46358pt x 624.04872pt>
File: figures/concave_element_comparison.pdf Graphic file (type pdf)

<use figures/concave_element_comparison.pdf>
Package pdftex.def Info: figures/concave_element_comparison.pdf used on input l
ine 532.
(pdftex.def)             Requested size: 361.34999pt x 370.61371pt.
 [95 <./figures/concave_element_shapes.pdf>] [96 <./figures/concave_element_par
titions.pdf> <./figures/concave_element_comparison.pdf

pdfTeX warning: pdflatex (file ./figures/concave_element_comparison.pdf): PDF i
nclusion: multiple pdfs with page group included in a single page
>] [97] [98]
<figures/degenerate_element_shapes.pdf, id=2294, 374.71895pt x 160.69467pt>
File: figures/degenerate_element_shapes.pdf Graphic file (type pdf)

<use figures/degenerate_element_shapes.pdf>
Package pdftex.def Info: figures/degenerate_element_shapes.pdf used on input li
ne 623.
(pdftex.def)             Requested size: 267.39877pt x 114.68002pt.

<figures/degenerate_element_comparison.pdf, id=2295, 511.39455pt x 601.92407pt>
File: figures/degenerate_element_comparison.pdf Graphic file (type pdf)
<use figures/degenerate_element_comparison.pdf>
Package pdftex.def Info: figures/degenerate_element_comparison.pdf used on inpu
t line 631.
(pdftex.def)             Requested size: 361.34999pt x 425.3301pt.


LaTeX Warning: `!h' float specifier changed to `!ht'.

[99 <./figures/degenerate_element_shapes.pdf>]
<figures/patch_mesh.pdf, id=2314, 1034.58394pt x 655.78337pt>
File: figures/patch_mesh.pdf Graphic file (type pdf)

<use figures/patch_mesh.pdf>
Package pdftex.def Info: figures/patch_mesh.pdf used on input line 683.
(pdftex.def)             Requested size: 216.81pt x 137.41838pt.

<figures/lloyd_mesh.pdf, id=2315, 1023.84326pt x 655.78337pt>
File: figures/lloyd_mesh.pdf Graphic file (type pdf)

<use figures/lloyd_mesh.pdf>
Package pdftex.def Info: figures/lloyd_mesh.pdf used on input line 688.
(pdftex.def)             Requested size: 216.81pt x 138.86931pt.
 [100 <./figures/degenerate_element_comparison.pdf>] [101 <./figures/patch_mesh
.pdf> <./figures/lloyd_mesh.pdf

pdfTeX warning: pdflatex (file ./figures/lloyd_mesh.pdf): PDF inclusion: multip
le pdfs with page group included in a single page
>] <figures/patch_edge_lengths.pdf, id=2454, 449.68pt x 343.9489pt>
File: figures/patch_edge_lengths.pdf Graphic file (type pdf)

<use figures/patch_edge_lengths.pdf>
Package pdftex.def Info: figures/patch_edge_lengths.pdf used on input line 709.

(pdftex.def)             Requested size: 216.81pt x 165.83359pt.

<figures/lloyd_edge_lengths.pdf, id=2455, 449.68pt x 344.32262pt>
File: figures/lloyd_edge_lengths.pdf Graphic file (type pdf)

<use figures/lloyd_edge_lengths.pdf>
Package pdftex.def Info: figures/lloyd_edge_lengths.pdf used on input line 714.

(pdftex.def)             Requested size: 216.81pt x 166.01378pt.

<figures/patch_edge_ratios.pdf, id=2456, 449.68pt x 344.04768pt>
File: figures/patch_edge_ratios.pdf Graphic file (type pdf)

<use figures/patch_edge_ratios.pdf>
Package pdftex.def Info: figures/patch_edge_ratios.pdf used on input line 719.
(pdftex.def)             Requested size: 216.81pt x 165.88123pt.

<figures/lloyd_edge_ratios.pdf, id=2457, 449.68pt x 341.0977pt>
File: figures/lloyd_edge_ratios.pdf Graphic file (type pdf)

<use figures/lloyd_edge_ratios.pdf>
Package pdftex.def Info: figures/lloyd_edge_ratios.pdf used on input line 724.
(pdftex.def)             Requested size: 216.81pt x 164.4589pt.


LaTeX Warning: `!h' float specifier changed to `!ht'.

<figures/eigenvalue_distributions.pdf, id=2475, 412.6658pt x 318.39249pt>
File: figures/eigenvalue_distributions.pdf Graphic file (type pdf)

<use figures/eigenvalue_distributions.pdf>
Package pdftex.def Info: figures/eigenvalue_distributions.pdf used on input lin
e 739.
(pdftex.def)             Requested size: 361.34999pt x 278.80164pt.


LaTeX Warning: `!h' float specifier changed to `!ht'.

<figures/patch_eigenmodes_DGPEM.pdf, id=2477, 1045.53882pt x 710.13707pt>
File: figures/patch_eigenmodes_DGPEM.pdf Graphic file (type pdf)

<use figures/patch_eigenmodes_DGPEM.pdf>
Package pdftex.def Info: figures/patch_eigenmodes_DGPEM.pdf used on input line 
746.
(pdftex.def)             Requested size: 361.34999pt x 245.43098pt.
 [102]

LaTeX Warning: `!h' float specifier changed to `!ht'.

[103 <./figures/patch_edge_lengths.pdf> <./figures/lloyd_edge_lengths.pdf

pdfTeX warning: pdflatex (file ./figures/lloyd_edge_lengths.pdf): PDF inclusion
: multiple pdfs with page group included in a single page
> <./figures/patch_edge_ratios.pdf

pdfTeX warning: pdflatex (file ./figures/patch_edge_ratios.pdf): PDF inclusion:
 multiple pdfs with page group included in a single page
> <./figures/lloyd_edge_ratios.pdf

pdfTeX warning: pdflatex (file ./figures/lloyd_edge_ratios.pdf): PDF inclusion:
 multiple pdfs with page group included in a single page
>] [104 <./figures/eigenvalue_distributions.pdf>]
<figures/plate_with_hole.pdf, id=2547, 583.53358pt x 406.87007pt>
File: figures/plate_with_hole.pdf Graphic file (type pdf)

<use figures/plate_with_hole.pdf>
Package pdftex.def Info: figures/plate_with_hole.pdf used on input line 875.
(pdftex.def)             Requested size: 289.07999pt x 201.55962pt.
 [105 <./figures/patch_eigenmodes_DGPEM.pdf>]
<figures/quad_hole_meshes.pdf, id=2623, 855.9483pt x 623.82248pt>
File: figures/quad_hole_meshes.pdf Graphic file (type pdf)

<use figures/quad_hole_meshes.pdf>
Package pdftex.def Info: figures/quad_hole_meshes.pdf used on input line 898.
(pdftex.def)             Requested size: 433.62pt x 316.02257pt.


LaTeX Warning: `!h' float specifier changed to `!ht'.

[106 <./figures/plate_with_hole.pdf>]
<figures/plate_with_hole_l2_errors.pdf, id=2655, 1013.80269pt x 826.46872pt>
File: figures/plate_with_hole_l2_errors.pdf Graphic file (type pdf)

<use figures/plate_with_hole_l2_errors.pdf>
Package pdftex.def Info: figures/plate_with_hole_l2_errors.pdf used on input li
ne 910.
(pdftex.def)             Requested size: 238.49121pt x 194.42195pt.

Overfull \hbox (15.39113pt too wide) in paragraph at lines 910--911
 [][] 
 []

<figures/plate_with_hole_h1_errors.pdf, id=2656, 1013.80269pt x 826.46872pt>
File: figures/plate_with_hole_h1_errors.pdf Graphic file (type pdf)

<use figures/plate_with_hole_h1_errors.pdf>
Package pdftex.def Info: figures/plate_with_hole_h1_errors.pdf used on input li
ne 915.
(pdftex.def)             Requested size: 238.49121pt x 194.42195pt.

Overfull \hbox (15.39113pt too wide) in paragraph at lines 915--916
 [][] 
 []


LaTeX Warning: `!h' float specifier changed to `!ht'.

[107 <./figures/quad_hole_meshes.pdf>] [108 <./figures/plate_with_hole_l2_error
s.pdf> <./figures/plate_with_hole_h1_errors.pdf

pdfTeX warning: pdflatex (file ./figures/plate_with_hole_h1_errors.pdf): PDF in
clusion: multiple pdfs with page group included in a single page
>] <figures/twisting_annulus_problem.pdf, id=3148, 332.89574pt x 299.87178pt>
File: figures/twisting_annulus_problem.pdf Graphic file (type pdf)

<use figures/twisting_annulus_problem.pdf>
Package pdftex.def Info: figures/twisting_annulus_problem.pdf used on input lin
e 955.
(pdftex.def)             Requested size: 216.81pt x 195.30327pt.
 [109 <./figures/twisting_annulus_problem.pdf>]
<figures/hex_annulus_meshes.pdf, id=3188, 855.34987pt x 623.54887pt>
File: figures/hex_annulus_meshes.pdf Graphic file (type pdf)

<use figures/hex_annulus_meshes.pdf>
Package pdftex.def Info: figures/hex_annulus_meshes.pdf used on input line 992.

(pdftex.def)             Requested size: 361.34999pt x 263.42058pt.


LaTeX Warning: `!h' float specifier changed to `!ht'.

<figures/hexp_annulus_meshes.pdf, id=3189, 854.32425pt x 625.09879pt>
File: figures/hexp_annulus_meshes.pdf Graphic file (type pdf)

<use figures/hexp_annulus_meshes.pdf>
Package pdftex.def Info: figures/hexp_annulus_meshes.pdf used on input line 999
.
(pdftex.def)             Requested size: 361.34999pt x 264.3901pt.


LaTeX Warning: `!h' float specifier changed to `!ht'.

<figures/poly_annulus_meshes.pdf, id=3190, 852.77795pt x 637.10446pt>
File: figures/poly_annulus_meshes.pdf Graphic file (type pdf)

<use figures/poly_annulus_meshes.pdf>
Package pdftex.def Info: figures/poly_annulus_meshes.pdf used on input line 100
6.
(pdftex.def)             Requested size: 361.34999pt x 269.96379pt.


LaTeX Warning: `!h' float specifier changed to `!ht'.

[110]

LaTeX Warning: Text page 111 contains only floats.

[111 <./figures/hex_annulus_meshes.pdf> <./figures/hexp_annulus_meshes.pdf

pdfTeX warning: pdflatex (file ./figures/hexp_annulus_meshes.pdf): PDF inclusio
n: multiple pdfs with page group included in a single page
>]
<figures/twisting_annulus_l2_errors.pdf, id=3213, 996.44574pt x 1080.37784pt>
File: figures/twisting_annulus_l2_errors.pdf Graphic file (type pdf)

<use figures/twisting_annulus_l2_errors.pdf>
Package pdftex.def Info: figures/twisting_annulus_l2_errors.pdf used on input l
ine 1063.
(pdftex.def)             Requested size: 238.49121pt x 258.57063pt.

Overfull \hbox (15.39113pt too wide) in paragraph at lines 1063--1064
 [][] 
 []

<figures/twisting_annulus_h1_errors.pdf, id=3214, 996.75745pt x 1080.5343pt>
File: figures/twisting_annulus_h1_errors.pdf Graphic file (type pdf)

<use figures/twisting_annulus_h1_errors.pdf>
Package pdftex.def Info: figures/twisting_annulus_h1_errors.pdf used on input l
ine 1068.
(pdftex.def)             Requested size: 238.49121pt x 258.52563pt.

Overfull \hbox (15.39113pt too wide) in paragraph at lines 1068--1069
 [][] 
 []


LaTeX Warning: `!h' float specifier changed to `!ht'.

<figures/hex_pressure.pdf, id=3220, 269.30263pt x 274.29353pt>
File: figures/hex_pressure.pdf Graphic file (type pdf)

<use figures/hex_pressure.pdf>
Package pdftex.def Info: figures/hex_pressure.pdf used on input line 1082.
(pdftex.def)             Requested size: 151.76744pt x 154.5827pt.

Overfull \hbox (6.06773pt too wide) in paragraph at lines 1082--1083
 [][] 
 []

<figures/hexp_pressure.pdf, id=3221, 269.30263pt x 274.29353pt>
File: figures/hexp_pressure.pdf Graphic file (type pdf)

<use figures/hexp_pressure.pdf>
Package pdftex.def Info: figures/hexp_pressure.pdf used on input line 1087.
(pdftex.def)             Requested size: 151.76744pt x 154.5827pt.

Overfull \hbox (6.06773pt too wide) in paragraph at lines 1087--1088
 [][] 
 []

<figures/poly_pressure.pdf, id=3222, 269.30263pt x 274.29353pt>
File: figures/poly_pressure.pdf Graphic file (type pdf)

<use figures/poly_pressure.pdf>
Package pdftex.def Info: figures/poly_pressure.pdf used on input line 1092.
(pdftex.def)             Requested size: 151.76744pt x 154.5827pt.

Overfull \hbox (6.06773pt too wide) in paragraph at lines 1092--1093
 [][] 
 []

<figures/hex_fbar_pressure.pdf, id=3223, 269.30263pt x 274.29353pt>
File: figures/hex_fbar_pressure.pdf Graphic file (type pdf)

<use figures/hex_fbar_pressure.pdf>
Package pdftex.def Info: figures/hex_fbar_pressure.pdf used on input line 1097.

(pdftex.def)             Requested size: 151.76744pt x 154.5827pt.

Overfull \hbox (6.06773pt too wide) in paragraph at lines 1097--1098
 [][] 
 []

<figures/hexp_fbar_pressure.pdf, id=3224, 269.30263pt x 274.29353pt>
File: figures/hexp_fbar_pressure.pdf Graphic file (type pdf)

<use figures/hexp_fbar_pressure.pdf>
Package pdftex.def Info: figures/hexp_fbar_pressure.pdf used on input line 1102
.
(pdftex.def)             Requested size: 151.76744pt x 154.5827pt.

Overfull \hbox (6.06773pt too wide) in paragraph at lines 1102--1103
 [][] 
 []

<figures/poly_fbar_pressure.pdf, id=3225, 269.30263pt x 274.29353pt>
File: figures/poly_fbar_pressure.pdf Graphic file (type pdf)

<use figures/poly_fbar_pressure.pdf>
Package pdftex.def Info: figures/poly_fbar_pressure.pdf used on input line 1107
.
(pdftex.def)             Requested size: 151.76744pt x 154.5827pt.

Overfull \hbox (6.06773pt too wide) in paragraph at lines 1107--1108
 [][] 
 []


LaTeX Warning: `!h' float specifier changed to `!ht'.

[112 <./figures/poly_annulus_meshes.pdf>] [113 <./figures/twisting_annulus_l2_e
rrors.pdf> <./figures/twisting_annulus_h1_errors.pdf

pdfTeX warning: pdflatex (file ./figures/twisting_annulus_h1_errors.pdf): PDF i
nclusion: multiple pdfs with page group included in a single page
>] [114 <./figures/hex_pressure.pdf> <./figures/hexp_pressure.pdf

pdfTeX warning: pdflatex (file ./figures/hexp_pressure.pdf): PDF inclusion: mul
tiple pdfs with page group included in a single page
> <./figures/poly_pressure.pdf

pdfTeX warning: pdflatex (file ./figures/poly_pressure.pdf): PDF inclusion: mul
tiple pdfs with page group included in a single page
> <./figures/hex_fbar_pressure.pdf

pdfTeX warning: pdflatex (file ./figures/hex_fbar_pressure.pdf): PDF inclusion:
 multiple pdfs with page group included in a single page
> <./figures/hexp_fbar_pressure.pdf

pdfTeX warning: pdflatex (file ./figures/hexp_fbar_pressure.pdf): PDF inclusion
: multiple pdfs with page group included in a single page
> <./figures/poly_fbar_pressure.pdf

pdfTeX warning: pdflatex (file ./figures/poly_fbar_pressure.pdf): PDF inclusion
: multiple pdfs with page group included in a single page
>]
<figures/tensile_specimen_dimensions.pdf, id=3975, 707.83092pt x 216.92484pt>
File: figures/tensile_specimen_dimensions.pdf Graphic file (type pdf)

<use figures/tensile_specimen_dimensions.pdf>
Package pdftex.def Info: figures/tensile_specimen_dimensions.pdf used on input 
line 1152.
(pdftex.def)             Requested size: 433.62pt x 132.88995pt.
 [115]
<figures/neck_hex_mesh.pdf, id=3988, 471.27959pt x 340.68405pt>
File: figures/neck_hex_mesh.pdf Graphic file (type pdf)

<use figures/neck_hex_mesh.pdf>
Package pdftex.def Info: figures/neck_hex_mesh.pdf used on input line 1163.
(pdftex.def)             Requested size: 216.81pt x 156.73215pt.

<figures/neck_poly_mesh.pdf, id=3989, 471.27959pt x 340.68405pt>
File: figures/neck_poly_mesh.pdf Graphic file (type pdf)

<use figures/neck_poly_mesh.pdf>
Package pdftex.def Info: figures/neck_poly_mesh.pdf used on input line 1168.
(pdftex.def)             Requested size: 216.81pt x 156.73215pt.
 [116 <./figures/tensile_specimen_dimensions.pdf> <./figures/neck_hex_mesh.pdf

pdfTeX warning: pdflatex (file ./figures/neck_hex_mesh.pdf): PDF inclusion: mul
tiple pdfs with page group included in a single page
> <./figures/neck_poly_mesh.pdf

pdfTeX warning: pdflatex (file ./figures/neck_poly_mesh.pdf): PDF inclusion: mu
ltiple pdfs with page group included in a single page
>] <figures/necking_comparison.pdf, id=4029, 544.34937pt x 277.55139pt>
File: figures/necking_comparison.pdf Graphic file (type pdf)

<use figures/necking_comparison.pdf>
Package pdftex.def Info: figures/necking_comparison.pdf used on input line 1201
.
(pdftex.def)             Requested size: 433.62pt x 221.09274pt.

<figures/necking_vonMises.pdf, id=4030, 544.34937pt x 277.55139pt>
File: figures/necking_vonMises.pdf Graphic file (type pdf)

<use figures/necking_vonMises.pdf>
Package pdftex.def Info: figures/necking_vonMises.pdf used on input line 1206.
(pdftex.def)             Requested size: 433.62pt x 221.09274pt.


LaTeX Warning: `!h' float specifier changed to `!ht'.

<figures/necking_stress_strain.pdf, id=4033, 471.27959pt x 343.11752pt>
File: figures/necking_stress_strain.pdf Graphic file (type pdf)

<use figures/necking_stress_strain.pdf>
Package pdftex.def Info: figures/necking_stress_strain.pdf used on input line 1
218.
(pdftex.def)             Requested size: 252.94499pt x 184.1603pt.

Overfull \hbox (29.84491pt too wide) in paragraph at lines 1218--1219
 [][] 
 []

<figures/necking_area_reduction.pdf, id=4034, 471.27959pt x 343.11752pt>
File: figures/necking_area_reduction.pdf Graphic file (type pdf)

<use figures/necking_area_reduction.pdf>
Package pdftex.def Info: figures/necking_area_reduction.pdf used on input line 
1223.
(pdftex.def)             Requested size: 252.94499pt x 184.1603pt.

Overfull \hbox (29.84491pt too wide) in paragraph at lines 1223--1224
 [][] 
 []


LaTeX Warning: `!h' float specifier changed to `!ht'.

[117] [118 <./figures/necking_comparison.pdf> <./figures/necking_vonMises.pdf

pdfTeX warning: pdflatex (file ./figures/necking_vonMises.pdf): PDF inclusion: 
multiple pdfs with page group included in a single page
>] [119 <./figures/necking_stress_strain.pdf> <./figures/necking_area_reduction
.pdf

pdfTeX warning: pdflatex (file ./figures/necking_area_reduction.pdf): PDF inclu
sion: multiple pdfs with page group included in a single page
>] <figures/taylor_bar_hex_mesh.pdf, id=4099, 341.39888pt x 280.6003pt>
File: figures/taylor_bar_hex_mesh.pdf Graphic file (type pdf)

<use figures/taylor_bar_hex_mesh.pdf>
Package pdftex.def Info: figures/taylor_bar_hex_mesh.pdf used on input line 132
7.
(pdftex.def)             Requested size: 216.81pt x 178.2006pt.

<figures/taylor_bar_poly_mesh.pdf, id=4100, 341.39888pt x 280.6003pt>
File: figures/taylor_bar_poly_mesh.pdf Graphic file (type pdf)

<use figures/taylor_bar_poly_mesh.pdf>
Package pdftex.def Info: figures/taylor_bar_poly_mesh.pdf used on input line 13
32.
(pdftex.def)             Requested size: 216.81pt x 178.2006pt.

<figures/before_distortion.pdf, id=4104, 532.09024pt x 490.80278pt>
File: figures/before_distortion.pdf Graphic file (type pdf)

<use figures/before_distortion.pdf>
Package pdftex.def Info: figures/before_distortion.pdf used on input line 1344.

(pdftex.def)             Requested size: 144.54pt x 133.31984pt.

<figures/after_distortion.pdf, id=4105, 532.09024pt x 490.80278pt>
File: figures/after_distortion.pdf Graphic file (type pdf)

<use figures/after_distortion.pdf>
Package pdftex.def Info: figures/after_distortion.pdf used on input line 1349.
(pdftex.def)             Requested size: 144.54pt x 133.31984pt.


LaTeX Warning: `!h' float specifier changed to `!ht'.

[120 <./figures/taylor_bar_hex_mesh.pdf> <./figures/taylor_bar_poly_mesh.pdf

pdfTeX warning: pdflatex (file ./figures/taylor_bar_poly_mesh.pdf): PDF inclusi
on: multiple pdfs with page group included in a single page
>]
<figures/taylor_bar_unmodified_eqps.pdf, id=4131, 349.88397pt x 305.59886pt>
File: figures/taylor_bar_unmodified_eqps.pdf Graphic file (type pdf)

<use figures/taylor_bar_unmodified_eqps.pdf>
Package pdftex.def Info: figures/taylor_bar_unmodified_eqps.pdf used on input l
ine 1361.
(pdftex.def)             Requested size: 216.81pt x 189.37141pt.

<figures/taylor_bar_fbar_eqps.pdf, id=4132, 349.88397pt x 305.59886pt>
File: figures/taylor_bar_fbar_eqps.pdf Graphic file (type pdf)

<use figures/taylor_bar_fbar_eqps.pdf>
Package pdftex.def Info: figures/taylor_bar_fbar_eqps.pdf used on input line 13
66.
(pdftex.def)             Requested size: 216.81pt x 189.37141pt.

<figures/taylor_bar_fem_unmodified.pdf, id=4133, 207.0323pt x 326.46779pt>
File: figures/taylor_bar_fem_unmodified.pdf Graphic file (type pdf)

<use figures/taylor_bar_fem_unmodified.pdf>
Package pdftex.def Info: figures/taylor_bar_fem_unmodified.pdf used on input li
ne 1377.
(pdftex.def)             Requested size: 151.76744pt x 239.32077pt.

Overfull \hbox (6.06773pt too wide) in paragraph at lines 1377--1378
 [][] 
 []

<figures/taylor_bar_pem_unmodified.pdf, id=4134, 207.0323pt x 326.46779pt>
File: figures/taylor_bar_pem_unmodified.pdf Graphic file (type pdf)

<use figures/taylor_bar_pem_unmodified.pdf>
Package pdftex.def Info: figures/taylor_bar_pem_unmodified.pdf used on input li
ne 1382.
(pdftex.def)             Requested size: 151.76744pt x 239.32077pt.

Overfull \hbox (6.06773pt too wide) in paragraph at lines 1382--1383
 [][] 
 []

<figures/taylor_bar_fem_fbar.pdf, id=4135, 207.0323pt x 326.46779pt>
File: figures/taylor_bar_fem_fbar.pdf Graphic file (type pdf)

<use figures/taylor_bar_fem_fbar.pdf>
Package pdftex.def Info: figures/taylor_bar_fem_fbar.pdf used on input line 138
7.
(pdftex.def)             Requested size: 151.76744pt x 239.32077pt.

Overfull \hbox (6.06773pt too wide) in paragraph at lines 1387--1388
 [][] 
 []


LaTeX Warning: `!h' float specifier changed to `!ht'.

[121 <./figures/before_distortion.pdf> <./figures/after_distortion.pdf

pdfTeX warning: pdflatex (file ./figures/after_distortion.pdf): PDF inclusion: 
multiple pdfs with page group included in a single page
> <./figures/taylor_bar_unmodified_eqps.pdf

pdfTeX warning: pdflatex (file ./figures/taylor_bar_unmodified_eqps.pdf): PDF i
nclusion: multiple pdfs with page group included in a single page
> <./figures/taylor_bar_fbar_eqps.pdf

pdfTeX warning: pdflatex (file ./figures/taylor_bar_fbar_eqps.pdf): PDF inclusi
on: multiple pdfs with page group included in a single page
>]) [122 <./figures/taylor_bar_fem_unmodified.pdf> <./figures/taylor_bar_pem_un
modified.pdf

pdfTeX warning: pdflatex (file ./figures/taylor_bar_pem_unmodified.pdf): PDF in
clusion: multiple pdfs with page group included in a single page
> <./figures/taylor_bar_fem_fbar.pdf

pdfTeX warning: pdflatex (file ./figures/taylor_bar_fem_fbar.pdf): PDF inclusio
n: multiple pdfs with page group included in a single page
>] [123]
\openout2 = `future_work.aux'.

 (./future_work.tex
Chapter 6.
[124



] [125] [126]) [127]
\openout2 = `appendix.aux'.

 (./appendix.tex
Appendix A.
[128



] [129]) [130] (./thesis.bbl
Missing character: There is no  in font cmr12!
Missing character: There is no  in font cmr12!
 [131


]
Missing character: There is no  in font cmti12!
Missing character: There is no  in font cmti12!
Missing character: There is no  in font cmti12!
Missing character: There is no  in font cmti12!
Missing character: There is no  in font cmti12!
Missing character: There is no  in font cmti12!
 [132]
Missing character: There is no  in font cmr12!
Missing character: There is no  in font cmr12!
Missing character: There is no  in font cmr12!
Missing character: There is no  in font cmr12!
 [133] [134]
Missing character: There is no  in font cmr12!
Missing character: There is no  in font cmr12!
Missing character: There is no  in font cmr12!
Missing character: There is no  in font cmr12!
 [135]
Missing character: There is no  in font cmr12!
Missing character: There is no  in font cmr12!
Missing character: There is no  in font cmr12!
 [136]
Underfull \hbox (badness 1584) in paragraph at lines 501--507
[]\OT1/cmr/m/n/12 J.-F. Remacle, J. Lam-brechts, B. Seny, E. Marchan-dise, A. J
ohnen, and
 []

[137]
Missing character: There is no  in font cmr12!
Missing character: There is no  in font cmr12!
Missing character: There is no  in font cmr12!
 [138]) [139]pdfTeX warning (ext4): destination with the same identifier (name{
page.1}) has been already used, duplicate ignored
<to be read again> 
                   \relax 
l.149 ...e of locking phenomena is also examined.]
                                                   [1]
Package atveryend Info: Empty hook `BeforeClearDocument' on input line 151.
Package atveryend Info: Empty hook `AfterLastShipout' on input line 151.
 (./thesis.aux
(./introduction.aux) (./solid_mechanics.aux) (./pem_formulation.aux)
(./implementation.aux) (./results.aux) (./future_work.aux) (./appendix.aux))
Package atveryend Info: Executing hook `AtVeryEndDocument' on input line 151.
Package atveryend Info: Executing hook `AtEndAfterFileList' on input line 151.
Package rerunfilecheck Info: File `thesis.out' has not changed.
(rerunfilecheck)             Checksum: 60C6F73B1A4DB0D6D838802DD53E4D58;2850.


LaTeX Font Warning: Size substitutions with differences
(Font)              up to 4.98pt have occurred.


LaTeX Font Warning: Some font shapes were not available, defaults substituted.


LaTeX Warning: There were undefined references.

 ) 
Here is how much of TeX's memory you used:
 10986 strings out of 494985
 167955 string characters out of 6180356
 293994 words of memory out of 5000000
 13291 multiletter control sequences out of 15000+600000
 15430 words of font info for 56 fonts, out of 8000000 for 9000
 40 hyphenation exceptions out of 8191
 37i,14n,55p,1402b,519s stack positions out of 5000i,500n,10000p,200000b,80000s
</usr/share/texlive/texmf-dist/fonts/type1/public/amsfonts/cm/cmbx10.pfb></us
r/share/texlive/texmf-dist/fonts/type1/public/amsfonts/cm/cmbx12.pfb></usr/shar
e/texlive/texmf-dist/fonts/type1/public/amsfonts/cm/cmbx8.pfb></usr/share/texli
ve/texmf-dist/fonts/type1/public/amsfonts/cm/cmcsc10.pfb></usr/share/texlive/te
xmf-dist/fonts/type1/public/amsfonts/cm/cmex10.pfb></usr/share/texlive/texmf-di
st/fonts/type1/public/amsfonts/cm/cmmi10.pfb></usr/share/texlive/texmf-dist/fon
ts/type1/public/amsfonts/cm/cmmi12.pfb></usr/share/texlive/texmf-dist/fonts/typ
e1/public/amsfonts/cm/cmmi6.pfb></usr/share/texlive/texmf-dist/fonts/type1/publ
ic/amsfonts/cm/cmmi8.pfb></usr/share/texlive/texmf-dist/fonts/type1/public/amsf
onts/cm/cmmib10.pfb></usr/share/texlive/texmf-dist/fonts/type1/public/amsfonts/
cmextra/cmmib8.pfb></usr/share/texlive/texmf-dist/fonts/type1/public/amsfonts/c
m/cmr10.pfb></usr/share/texlive/texmf-dist/fonts/type1/public/amsfonts/cm/cmr12
.pfb></usr/share/texlive/texmf-dist/fonts/type1/public/amsfonts/cm/cmr6.pfb></u
sr/share/texlive/texmf-dist/fonts/type1/public/amsfonts/cm/cmr8.pfb></usr/share
/texlive/texmf-dist/fonts/type1/public/amsfonts/cm/cmsl12.pfb></usr/share/texli
ve/texmf-dist/fonts/type1/public/amsfonts/cm/cmsy10.pfb></usr/share/texlive/tex
mf-dist/fonts/type1/public/amsfonts/cm/cmsy6.pfb></usr/share/texlive/texmf-dist
/fonts/type1/public/amsfonts/cm/cmsy8.pfb></usr/share/texlive/texmf-dist/fonts/
type1/public/amsfonts/cm/cmti12.pfb></usr/share/texlive/texmf-dist/fonts/type1/
public/amsfonts/symbols/msbm10.pfb></usr/share/texmf/fonts/type1/public/tex-gyr
e/qcsr.pfb></usr/share/texmf/fonts/type1/public/tex-gyre/qhvr.pfb>
Output written on thesis.pdf (147 pages, 14263674 bytes).
PDF statistics:
 4551 PDF objects out of 5155 (max. 8388607)
 3370 compressed objects within 34 object streams
 651 named destinations out of 1000 (max. 500000)
 616 words of extra memory for PDF output out of 10000 (max. 10000000)

