\BOOKMARK [1][-]{chapter*.1}{Abstract}{}% 1
\BOOKMARK [1][-]{chapter*.1}{Acknowledgments}{}% 2
\BOOKMARK [0][-]{chapter.1}{Introduction}{}% 3
\BOOKMARK [1][-]{section.1.1}{Historical Development}{chapter.1}% 4
\BOOKMARK [1][-]{section.1.2}{Recent Advances in Polytopal Element Methods}{chapter.1}% 5
\BOOKMARK [1][-]{section.1.3}{Scope of the Present Work}{chapter.1}% 6
\BOOKMARK [0][-]{chapter.2}{An Overview of Computational Solid Mechanics}{}% 7
\BOOKMARK [1][-]{section.2.1}{The Lagrangian Description of Motion}{chapter.2}% 8
\BOOKMARK [1][-]{section.2.2}{Conservation of Linear and Angular Momentum}{chapter.2}% 9
\BOOKMARK [1][-]{section.2.3}{Constitutive Relations}{chapter.2}% 10
\BOOKMARK [1][-]{section.2.4}{Model Boundary Value Problem}{chapter.2}% 11
\BOOKMARK [1][-]{section.2.5}{Galerkin Approximations to the Weak Form}{chapter.2}% 12
\BOOKMARK [1][-]{section.2.6}{Requirements for Convergence of an \040Approximation Method}{chapter.2}% 13
\BOOKMARK [0][-]{chapter.3}{Partitioned Element Methods}{}% 14
\BOOKMARK [1][-]{section.3.1}{Overview}{chapter.3}% 15
\BOOKMARK [1][-]{section.3.2}{Definition of Polytopal Element Shape Functions}{chapter.3}% 16
\BOOKMARK [1][-]{section.3.3}{Shape Function Approximation Methods}{chapter.3}% 17
\BOOKMARK [1][-]{section.3.4}{Non-conforming Galerkin Approximations to \040\(Generalized\) Harmonic Shape Functions}{chapter.3}% 18
\BOOKMARK [1][-]{section.3.5}{Piecewise Polynomial Approximations to \040\(Generalized\) Harmonic Shape Functions}{chapter.3}% 19
\BOOKMARK [1][-]{section.3.6}{Partition-Based Quadrature Rules}{chapter.3}% 20
\BOOKMARK [0][-]{chapter.4}{An Implementational Framework \040for the DG-PEM}{}% 21
\BOOKMARK [1][-]{section.4.1}{Arbitrary Polytopal Meshes}{chapter.4}% 22
\BOOKMARK [1][-]{section.4.2}{Element Partitioning Schemes}{chapter.4}% 23
\BOOKMARK [1][-]{section.4.3}{Abstract Geometric Data Structures}{chapter.4}% 24
\BOOKMARK [1][-]{section.4.4}{Partition-Based Approximation Spaces}{chapter.4}% 25
\BOOKMARK [1][-]{section.4.5}{Linearization and Assembly of the \040DG-PEM Systems of Equations}{chapter.4}% 26
\BOOKMARK [1][-]{section.4.6}{Numerical Conditioning of the \040DG-PEM Systems of Equations}{chapter.4}% 27
\BOOKMARK [0][-]{chapter.5}{A Numerical Evaluation of the PEM}{}% 28
\BOOKMARK [1][-]{section.5.1}{Tests for Polynomial Reproducibility}{chapter.5}% 29
\BOOKMARK [1][-]{section.5.2}{Finite Element Patch Tests}{chapter.5}% 30
\BOOKMARK [1][-]{section.5.3}{Tests for Element Quality}{chapter.5}% 31
\BOOKMARK [1][-]{section.5.4}{Convergence Studies}{chapter.5}% 32
\BOOKMARK [1][-]{section.5.5}{Large Deformation Problems with Elasto-plastic Material Behavior}{chapter.5}% 33
\BOOKMARK [0][-]{chapter.6}{Conclusions and Future Work}{}% 34
\BOOKMARK [0][-]{appendix.A}{An Exact Solution for the Incompressible Twisting Annulus Problem}{}% 35
